# JRE version: OpenJDK Runtime Environment (8.0_151-b12) (build 1.8.0_151-8u151-b12-0ubuntu0.16.04.2-b12)
# Java VM: OpenJDK 64-Bit Server VM (25.151-b12 mixed mode linux-amd64 compressed oops)
Heap:
 PSYoungGen      total 41984K, used 34296K [0x00000000d7000000, 0x00000000da300000, 0x0000000100000000)
  eden space 41472K, 82% used [0x00000000d7000000,0x00000000d9159ad0,0x00000000d9880000)
  from space 512K, 28% used [0x00000000da280000,0x00000000da2a4738,0x00000000da300000)
  to   space 512K, 0% used [0x00000000da200000,0x00000000da200000,0x00000000da280000)
 ParOldGen       total 84992K, used 10817K [0x0000000085000000, 0x000000008a300000, 0x00000000d7000000)
  object space 84992K, 12% used [0x0000000085000000,0x0000000085a90470,0x000000008a300000)
 Metaspace       used 18688K, capacity 19004K, committed 19456K, reserved 1067008K
  class space    used 2101K, capacity 2208K, committed 2304K, reserved 1048576K
GC Heap History (10 events):
Event: 2045,584 GC heap before
{Heap before GC invocations=140 (full 0):
 PSYoungGen      total 29696K, used 29344K [0x00000000d7000000, 0x00000000d9380000, 0x0000000100000000)
  eden space 29184K, 100% used [0x00000000d7000000,0x00000000d8c80000,0x00000000d8c80000)
  from space 512K, 31% used [0x00000000d8c80000,0x00000000d8ca8000,0x00000000d8d00000)
  to   space 512K, 0% used [0x00000000d9300000,0x00000000d9300000,0x00000000d9380000)
 ParOldGen       total 84992K, used 10562K [0x0000000085000000, 0x000000008a300000, 0x00000000d7000000)
  object space 84992K, 12% used [0x0000000085000000,0x0000000085a50a68,0x000000008a300000)
 Metaspace       used 18666K, capacity 19004K, committed 19456K, reserved 1067008K
  class space    used 2101K, capacity 2208K, committed 2304K, reserved 1048576K
Event: 2045,587 GC heap after
Heap after GC invocations=140 (full 0):
 PSYoungGen      total 35840K, used 96K [0x00000000d7000000, 0x00000000d9380000, 0x0000000100000000)
  eden space 35328K, 0% used [0x00000000d7000000,0x00000000d7000000,0x00000000d9280000)
  from space 512K, 18% used [0x00000000d9300000,0x00000000d9318000,0x00000000d9380000)
  to   space 512K, 0% used [0x00000000d9280000,0x00000000d9280000,0x00000000d9300000)
 ParOldGen       total 84992K, used 10628K [0x0000000085000000, 0x000000008a300000, 0x00000000d7000000)
  object space 84992K, 12% used [0x0000000085000000,0x0000000085a61320,0x000000008a300000)
 Metaspace       used 18666K, capacity 19004K, committed 19456K, reserved 1067008K
  class space    used 2101K, capacity 2208K, committed 2304K, reserved 1048576K
}
Event: 2045,860 GC heap before
{Heap before GC invocations=141 (full 0):
 PSYoungGen      total 35840K, used 35424K [0x00000000d7000000, 0x00000000d9380000, 0x0000000100000000)
  eden space 35328K, 100% used [0x00000000d7000000,0x00000000d9280000,0x00000000d9280000)
  from space 512K, 18% used [0x00000000d9300000,0x00000000d9318000,0x00000000d9380000)
  to   space 512K, 0% used [0x00000000d9280000,0x00000000d9280000,0x00000000d9300000)
 ParOldGen       total 84992K, used 10628K [0x0000000085000000, 0x000000008a300000, 0x00000000d7000000)
  object space 84992K, 12% used [0x0000000085000000,0x0000000085a61320,0x000000008a300000)
 Metaspace       used 18666K, capacity 19004K, committed 19456K, reserved 1067008K
  class space    used 2101K, capacity 2208K, committed 2304K, reserved 1048576K
Event: 2045,865 GC heap after
Heap after GC invocations=141 (full 0):
 PSYoungGen      total 35840K, used 64K [0x00000000d7000000, 0x00000000d9a80000, 0x0000000100000000)
  eden space 35328K, 0% used [0x00000000d7000000,0x00000000d7000000,0x00000000d9280000)
  from space 512K, 12% used [0x00000000d9280000,0x00000000d9290000,0x00000000d9300000)
  to   space 512K, 0% used [0x00000000d9a00000,0x00000000d9a00000,0x00000000d9a80000)
 ParOldGen       total 84992K, used 10652K [0x0000000085000000, 0x000000008a300000, 0x00000000d7000000)
  object space 84992K, 12% used [0x0000000085000000,0x0000000085a67320,0x000000008a300000)
 Metaspace       used 18666K, capacity 19004K, committed 19456K, reserved 1067008K
  class space    used 2101K, capacity 2208K, committed 2304K, reserved 1048576K
}
Event: 2046,356 GC heap before
{Heap before GC invocations=142 (full 0):
 PSYoungGen      total 35840K, used 35392K [0x00000000d7000000, 0x00000000d9a80000, 0x0000000100000000)
  eden space 35328K, 100% used [0x00000000d7000000,0x00000000d9280000,0x00000000d9280000)
  from space 512K, 12% used [0x00000000d9280000,0x00000000d9290000,0x00000000d9300000)
  to   space 512K, 0% used [0x00000000d9a00000,0x00000000d9a00000,0x00000000d9a80000)
 ParOldGen       total 84992K, used 10652K [0x0000000085000000, 0x000000008a300000, 0x00000000d7000000)
  object space 84992K, 12% used [0x0000000085000000,0x0000000085a67320,0x000000008a300000)
 Metaspace       used 18666K, capacity 19004K, committed 19456K, reserved 1067008K
  class space    used 2101K, capacity 2208K, committed 2304K, reserved 1048576K
Event: 2046,364 GC heap after
Heap after GC invocations=142 (full 0):
 PSYoungGen      total 43008K, used 164K [0x00000000d7000000, 0x00000000d9a80000, 0x0000000100000000)
  eden space 42496K, 0% used [0x00000000d7000000,0x00000000d7000000,0x00000000d9980000)
  from space 512K, 32% used [0x00000000d9a00000,0x00000000d9a29050,0x00000000d9a80000)
  to   space 512K, 0% used [0x00000000d9980000,0x00000000d9980000,0x00000000d9a00000)
 ParOldGen       total 84992K, used 10676K [0x0000000085000000, 0x000000008a300000, 0x00000000d7000000)
  object space 84992K, 12% used [0x0000000085000000,0x0000000085a6d320,0x000000008a300000)
 Metaspace       used 18666K, capacity 19004K, committed 19456K, reserved 1067008K
  class space    used 2101K, capacity 2208K, committed 2304K, reserved 1048576K
}
Event: 2049,060 GC heap before
{Heap before GC invocations=143 (full 0):
 PSYoungGen      total 43008K, used 42660K [0x00000000d7000000, 0x00000000d9a80000, 0x0000000100000000)
  eden space 42496K, 100% used [0x00000000d7000000,0x00000000d9980000,0x00000000d9980000)
  from space 512K, 32% used [0x00000000d9a00000,0x00000000d9a29050,0x00000000d9a80000)
  to   space 512K, 0% used [0x00000000d9980000,0x00000000d9980000,0x00000000d9a00000)
 ParOldGen       total 84992K, used 10676K [0x0000000085000000, 0x000000008a300000, 0x00000000d7000000)
  object space 84992K, 12% used [0x0000000085000000,0x0000000085a6d320,0x000000008a300000)
 Metaspace       used 18669K, capacity 19004K, committed 19456K, reserved 1067008K
  class space    used 2101K, capacity 2208K, committed 2304K, reserved 1048576K
Event: 2049,068 GC heap after
Heap after GC invocations=143 (full 0):
 PSYoungGen      total 43008K, used 64K [0x00000000d7000000, 0x00000000da300000, 0x0000000100000000)
  eden space 42496K, 0% used [0x00000000d7000000,0x00000000d7000000,0x00000000d9980000)
  from space 512K, 12% used [0x00000000d9980000,0x00000000d9990000,0x00000000d9a00000)
  to   space 512K, 0% used [0x00000000da280000,0x00000000da280000,0x00000000da300000)
 ParOldGen       total 84992K, used 10785K [0x0000000085000000, 0x000000008a300000, 0x00000000d7000000)
  object space 84992K, 12% used [0x0000000085000000,0x0000000085a88470,0x000000008a300000)
 Metaspace       used 18669K, capacity 19004K, committed 19456K, reserved 1067008K
  class space    used 2101K, capacity 2208K, committed 2304K, reserved 1048576K
}
Event: 2050,364 GC heap before
{Heap before GC invocations=144 (full 0):
 PSYoungGen      total 43008K, used 42560K [0x00000000d7000000, 0x00000000da300000, 0x0000000100000000)
  eden space 42496K, 100% used [0x00000000d7000000,0x00000000d9980000,0x00000000d9980000)
  from space 512K, 12% used [0x00000000d9980000,0x00000000d9990000,0x00000000d9a00000)
  to   space 512K, 0% used [0x00000000da280000,0x00000000da280000,0x00000000da300000)
 ParOldGen       total 84992K, used 10785K [0x0000000085000000, 0x000000008a300000, 0x00000000d7000000)
  object space 84992K, 12% used [0x0000000085000000,0x0000000085a88470,0x000000008a300000)
 Metaspace       used 18669K, capacity 19004K, committed 19456K, reserved 1067008K
  class space    used 2101K, capacity 2208K, committed 2304K, reserved 1048576K
Event: 2050,369 GC heap after
Heap after GC invocations=144 (full 0):
 PSYoungGen      total 41984K, used 145K [0x00000000d7000000, 0x00000000da300000, 0x0000000100000000)
  eden space 41472K, 0% used [0x00000000d7000000,0x00000000d7000000,0x00000000d9880000)
  from space 512K, 28% used [0x00000000da280000,0x00000000da2a4738,0x00000000da300000)
  to   space 512K, 0% used [0x00000000da200000,0x00000000da200000,0x00000000da280000)
 ParOldGen       total 84992K, used 10817K [0x0000000085000000, 0x000000008a300000, 0x00000000d7000000)
  object space 84992K, 12% used [0x0000000085000000,0x0000000085a90470,0x000000008a300000)
 Metaspace       used 18669K, capacity 19004K, committed 19456K, reserved 1067008K
  class space    used 2101K, capacity 2208K, committed 2304K, reserved 1048576K
}

