# JRE version: OpenJDK Runtime Environment (8.0_151-b12) (build 1.8.0_151-8u151-b12-0ubuntu0.16.04.2-b12)
# Java VM: OpenJDK 64-Bit Server VM (25.151-b12 mixed mode linux-amd64 compressed oops)
Heap:
 PSYoungGen      total 24064K, used 23584K [0x00000000d7000000, 0x00000000d8880000, 0x0000000100000000)
  eden space 23552K, 100% used [0x00000000d7000000,0x00000000d8700000,0x00000000d8700000)
  from space 512K, 6% used [0x00000000d8800000,0x00000000d8808000,0x00000000d8880000)
  to   space 512K, 0% used [0x00000000d8780000,0x00000000d8780000,0x00000000d8800000)
 ParOldGen       total 84992K, used 6993K [0x0000000085000000, 0x000000008a300000, 0x00000000d7000000)
  object space 84992K, 8% used [0x0000000085000000,0x00000000856d45d0,0x000000008a300000)
 Metaspace       used 17864K, capacity 18106K, committed 18304K, reserved 1064960K
  class space    used 2090K, capacity 2171K, committed 2176K, reserved 1048576K
GC Heap History (10 events):
Event: 1584,999 GC heap before
{Heap before GC invocations=3560 (full 0):
 PSYoungGen      total 24064K, used 23584K [0x00000000d7000000, 0x00000000d8880000, 0x0000000100000000)
  eden space 23552K, 100% used [0x00000000d7000000,0x00000000d8700000,0x00000000d8700000)
  from space 512K, 6% used [0x00000000d8780000,0x00000000d8788000,0x00000000d8800000)
  to   space 512K, 0% used [0x00000000d8800000,0x00000000d8800000,0x00000000d8880000)
 ParOldGen       total 84992K, used 6993K [0x0000000085000000, 0x000000008a300000, 0x00000000d7000000)
  object space 84992K, 8% used [0x0000000085000000,0x00000000856d45d0,0x000000008a300000)
 Metaspace       used 17863K, capacity 18106K, committed 18304K, reserved 1064960K
  class space    used 2089K, capacity 2171K, committed 2176K, reserved 1048576K
Event: 1585,001 GC heap after
Heap after GC invocations=3560 (full 0):
 PSYoungGen      total 24064K, used 32K [0x00000000d7000000, 0x00000000d8880000, 0x0000000100000000)
  eden space 23552K, 0% used [0x00000000d7000000,0x00000000d7000000,0x00000000d8700000)
  from space 512K, 6% used [0x00000000d8800000,0x00000000d8808000,0x00000000d8880000)
  to   space 512K, 0% used [0x00000000d8780000,0x00000000d8780000,0x00000000d8800000)
 ParOldGen       total 84992K, used 6993K [0x0000000085000000, 0x000000008a300000, 0x00000000d7000000)
  object space 84992K, 8% used [0x0000000085000000,0x00000000856d45d0,0x000000008a300000)
 Metaspace       used 17863K, capacity 18106K, committed 18304K, reserved 1064960K
  class space    used 2089K, capacity 2171K, committed 2176K, reserved 1048576K
}
Event: 1585,434 GC heap before
{Heap before GC invocations=3561 (full 0):
 PSYoungGen      total 24064K, used 23584K [0x00000000d7000000, 0x00000000d8880000, 0x0000000100000000)
  eden space 23552K, 100% used [0x00000000d7000000,0x00000000d8700000,0x00000000d8700000)
  from space 512K, 6% used [0x00000000d8800000,0x00000000d8808000,0x00000000d8880000)
  to   space 512K, 0% used [0x00000000d8780000,0x00000000d8780000,0x00000000d8800000)
 ParOldGen       total 84992K, used 6993K [0x0000000085000000, 0x000000008a300000, 0x00000000d7000000)
  object space 84992K, 8% used [0x0000000085000000,0x00000000856d45d0,0x000000008a300000)
 Metaspace       used 17863K, capacity 18106K, committed 18304K, reserved 1064960K
  class space    used 2089K, capacity 2171K, committed 2176K, reserved 1048576K
Event: 1585,436 GC heap after
Heap after GC invocations=3561 (full 0):
 PSYoungGen      total 24064K, used 32K [0x00000000d7000000, 0x00000000d8880000, 0x0000000100000000)
  eden space 23552K, 0% used [0x00000000d7000000,0x00000000d7000000,0x00000000d8700000)
  from space 512K, 6% used [0x00000000d8780000,0x00000000d8788000,0x00000000d8800000)
  to   space 512K, 0% used [0x00000000d8800000,0x00000000d8800000,0x00000000d8880000)
 ParOldGen       total 84992K, used 6993K [0x0000000085000000, 0x000000008a300000, 0x00000000d7000000)
  object space 84992K, 8% used [0x0000000085000000,0x00000000856d45d0,0x000000008a300000)
 Metaspace       used 17863K, capacity 18106K, committed 18304K, reserved 1064960K
  class space    used 2089K, capacity 2171K, committed 2176K, reserved 1048576K
}
Event: 1585,869 GC heap before
{Heap before GC invocations=3562 (full 0):
 PSYoungGen      total 24064K, used 23584K [0x00000000d7000000, 0x00000000d8880000, 0x0000000100000000)
  eden space 23552K, 100% used [0x00000000d7000000,0x00000000d8700000,0x00000000d8700000)
  from space 512K, 6% used [0x00000000d8780000,0x00000000d8788000,0x00000000d8800000)
  to   space 512K, 0% used [0x00000000d8800000,0x00000000d8800000,0x00000000d8880000)
 ParOldGen       total 84992K, used 6993K [0x0000000085000000, 0x000000008a300000, 0x00000000d7000000)
  object space 84992K, 8% used [0x0000000085000000,0x00000000856d45d0,0x000000008a300000)
 Metaspace       used 17863K, capacity 18106K, committed 18304K, reserved 1064960K
  class space    used 2089K, capacity 2171K, committed 2176K, reserved 1048576K
Event: 1585,871 GC heap after
Heap after GC invocations=3562 (full 0):
 PSYoungGen      total 24064K, used 32K [0x00000000d7000000, 0x00000000d8880000, 0x0000000100000000)
  eden space 23552K, 0% used [0x00000000d7000000,0x00000000d7000000,0x00000000d8700000)
  from space 512K, 6% used [0x00000000d8800000,0x00000000d8808000,0x00000000d8880000)
  to   space 512K, 0% used [0x00000000d8780000,0x00000000d8780000,0x00000000d8800000)
 ParOldGen       total 84992K, used 6993K [0x0000000085000000, 0x000000008a300000, 0x00000000d7000000)
  object space 84992K, 8% used [0x0000000085000000,0x00000000856d45d0,0x000000008a300000)
 Metaspace       used 17863K, capacity 18106K, committed 18304K, reserved 1064960K
  class space    used 2089K, capacity 2171K, committed 2176K, reserved 1048576K
}
Event: 1586,305 GC heap before
{Heap before GC invocations=3563 (full 0):
 PSYoungGen      total 24064K, used 23584K [0x00000000d7000000, 0x00000000d8880000, 0x0000000100000000)
  eden space 23552K, 100% used [0x00000000d7000000,0x00000000d8700000,0x00000000d8700000)
  from space 512K, 6% used [0x00000000d8800000,0x00000000d8808000,0x00000000d8880000)
  to   space 512K, 0% used [0x00000000d8780000,0x00000000d8780000,0x00000000d8800000)
 ParOldGen       total 84992K, used 6993K [0x0000000085000000, 0x000000008a300000, 0x00000000d7000000)
  object space 84992K, 8% used [0x0000000085000000,0x00000000856d45d0,0x000000008a300000)
 Metaspace       used 17863K, capacity 18106K, committed 18304K, reserved 1064960K
  class space    used 2089K, capacity 2171K, committed 2176K, reserved 1048576K
Event: 1586,310 GC heap after
Heap after GC invocations=3563 (full 0):
 PSYoungGen      total 24064K, used 32K [0x00000000d7000000, 0x00000000d8880000, 0x0000000100000000)
  eden space 23552K, 0% used [0x00000000d7000000,0x00000000d7000000,0x00000000d8700000)
  from space 512K, 6% used [0x00000000d8780000,0x00000000d8788000,0x00000000d8800000)
  to   space 512K, 0% used [0x00000000d8800000,0x00000000d8800000,0x00000000d8880000)
 ParOldGen       total 84992K, used 6993K [0x0000000085000000, 0x000000008a300000, 0x00000000d7000000)
  object space 84992K, 8% used [0x0000000085000000,0x00000000856d45d0,0x000000008a300000)
 Metaspace       used 17863K, capacity 18106K, committed 18304K, reserved 1064960K
  class space    used 2089K, capacity 2171K, committed 2176K, reserved 1048576K
}
Event: 1586,744 GC heap before
{Heap before GC invocations=3564 (full 0):
 PSYoungGen      total 24064K, used 23584K [0x00000000d7000000, 0x00000000d8880000, 0x0000000100000000)
  eden space 23552K, 100% used [0x00000000d7000000,0x00000000d8700000,0x00000000d8700000)
  from space 512K, 6% used [0x00000000d8780000,0x00000000d8788000,0x00000000d8800000)
  to   space 512K, 0% used [0x00000000d8800000,0x00000000d8800000,0x00000000d8880000)
 ParOldGen       total 84992K, used 6993K [0x0000000085000000, 0x000000008a300000, 0x00000000d7000000)
  object space 84992K, 8% used [0x0000000085000000,0x00000000856d45d0,0x000000008a300000)
 Metaspace       used 17863K, capacity 18106K, committed 18304K, reserved 1064960K
  class space    used 2089K, capacity 2171K, committed 2176K, reserved 1048576K
Event: 1586,745 GC heap after
Heap after GC invocations=3564 (full 0):
 PSYoungGen      total 24064K, used 32K [0x00000000d7000000, 0x00000000d8880000, 0x0000000100000000)
  eden space 23552K, 0% used [0x00000000d7000000,0x00000000d7000000,0x00000000d8700000)
  from space 512K, 6% used [0x00000000d8800000,0x00000000d8808000,0x00000000d8880000)
  to   space 512K, 0% used [0x00000000d8780000,0x00000000d8780000,0x00000000d8800000)
 ParOldGen       total 84992K, used 6993K [0x0000000085000000, 0x000000008a300000, 0x00000000d7000000)
  object space 84992K, 8% used [0x0000000085000000,0x00000000856d45d0,0x000000008a300000)
 Metaspace       used 17863K, capacity 18106K, committed 18304K, reserved 1064960K
  class space    used 2089K, capacity 2171K, committed 2176K, reserved 1048576K
}

